<?xml version="1.0" encoding="UTF-8"?>
<testng-results skipped="0" failed="0" ignored="0" total="1" passed="1">
  <reporter-output>
  </reporter-output>
  <suite name="Default suite" duration-ms="9960" started-at="2020-12-23T12:13:53 IST" finished-at="2020-12-23T12:14:03 IST">
    <groups>
    </groups>
    <test name="Default test" duration-ms="9960" started-at="2020-12-23T12:13:53 IST" finished-at="2020-12-23T12:14:03 IST">
      <class name="sel_practice.Screenshots">
        <test-method status="PASS" signature="scrnshot()[pri:0, instance:sel_practice.Screenshots@7b49cea0]" name="scrnshot" duration-ms="9877" started-at="2020-12-23T12:13:53 IST" finished-at="2020-12-23T12:14:03 IST">
          <reporter-output>
          </reporter-output>
        </test-method> <!-- scrnshot -->
      </class> <!-- sel_practice.Screenshots -->
    </test> <!-- Default test -->
  </suite> <!-- Default suite -->
</testng-results>
